C51 COMPILER V9.57.0.0   MAIN                                                              12/16/2025 20:50:31 PAGE 1   


C51 COMPILER V9.57.0.0, COMPILATION OF MODULE MAIN
OBJECT MODULE PLACED IN .\Objects\main.obj
COMPILER INVOKED BY: D:\keil51\C51\BIN\C51.EXE main.c OPTIMIZE(8,SPEED) BROWSE DEBUG OBJECTEXTEND PRINT(.\Listings\main.
                    -lst) TABS(2) OBJECT(.\Objects\main.obj)

line level    source

   1          
   2          #include <REGX52.H>
   3          
   4          unsigned int nixietable[] = 
   5          {0x3f,0x06,0x5b,0x4f,
   6           0x66,0x6d,0x7d,0x07,
   7           0x7f,0x6f,0x77,0x7c,
   8           0x39,0x5e,0x79,0x71};
   9          
  10          void nixie(int Location,int Number)
  11          {
  12   1          switch(Location)
  13   1          {
  14   2            case 1:P2_4 = 1;P2_3 = 1;P2_2 = 1;break;
  15   2            case 2:P2_4 = 1;P2_3 = 1;P2_2 = 0;break;
  16   2            case 3:P2_4 = 1;P2_3 = 0;P2_2 = 1;break;
  17   2            case 4:P2_4 = 1;P2_3 = 0;P2_2 = 0;break;
  18   2            case 5:P2_4 = 0;P2_3 = 1;P2_2 = 1;break;
  19   2            case 6:P2_4 = 0;P2_3 = 1;P2_2 = 0;break;
  20   2            case 7:P2_4 = 0;P2_3 = 0;P2_2 = 1;break;
  21   2            case 8:P2_4 = 0;P2_3 = 0;P2_2 = 0;break;
  22   2          }
  23   1          P0 = nixietable[Number];
  24   1        
  25   1      }
  26          void main()
  27          {
  28   1        
  29   1          nixie(7,4);
  30   1        while(1);
  31   1          
  32   1      }


MODULE INFORMATION:   STATIC OVERLAYABLE
   CODE SIZE        =    118    ----
   CONSTANT SIZE    =   ----    ----
   XDATA SIZE       =   ----    ----
   PDATA SIZE       =   ----    ----
   DATA SIZE        =     32    ----
   IDATA SIZE       =   ----    ----
   BIT SIZE         =   ----    ----
END OF MODULE INFORMATION.


C51 COMPILATION COMPLETE.  0 WARNING(S),  0 ERROR(S)
