C51 COMPILER V9.57.0.0   MAIN                                                              12/28/2025 21:46:28 PAGE 1   


C51 COMPILER V9.57.0.0, COMPILATION OF MODULE MAIN
OBJECT MODULE PLACED IN .\Objects\main.obj
COMPILER INVOKED BY: D:\keil51\C51\BIN\C51.EXE main.c OPTIMIZE(8,SPEED) BROWSE DEBUG OBJECTEXTEND PRINT(.\Listings\main.
                    -lst) TABS(2) OBJECT(.\Objects\main.obj)

line level    source

   1          /*
   2          #include "reg52.h"
   3          #include "Delay.h"
   4          
   5          sbit sjw = P3^4;//数据输入引脚
   6          sbit  yw = P3^6;//数据的移位操作
   7          sbit cs = P3^5; //并列输出
   8          
   9          
  10          
  11          --------------------------------------------------------------
  12          void Delay(unsigned int xms)
  13          {
  14                unsigned char i,j;
  15                while(xms--)
  16                {
  17                    i = 2;
  18                    j = 199;      
  19                do{while(--j);}while(--i);
  20                }
  21            }   
  22          -----------------------------------------------------------------
  23            
  24            ---------------------------------------------------------------
  25            void _74hc595(unsigned char Byte)
  26            {
  27                int i;
  28              for(i = 0;i < 8;i ++)//在循环中从高位输入到低位
  29              {
  30                sjw = Byte&(0x80>>i);//&符号的含义：0的时候是0，1的时候不变
  31                yw = 1;//当P3^6为高电平1的时候会将数据位的数据读取走
  32                yw = 0;//随后要将P3^6变回0低电平方便下一次循环的时候使用
  33              }
  34              cs = 1;//当循环进行完毕，cs置为高电平能一次传送出去八个位
  35              cs = 0;//随后要将cs复位为0
  36            }
  37            ---------------------------------------------------------------
  38            
  39            ---------------------------------------------------------------
  40            void LED8x8(unsigned char col,unsigned char Data)
  41            {
  42              _74hc595(Data);
  43              P0 = ~(0x80>>col);//1000 0000 -> 0111 1111
  44              Delay(1);
  45              P0 = 0xff;
  46            }
  47            ---------------------------------------------------------------
  48            
  49            
  50          void main()
  51          {
  52            yw = 0;
  53            cs = 0;
  54            while(1)
C51 COMPILER V9.57.0.0   MAIN                                                              12/28/2025 21:46:28 PAGE 2   

  55            {
  56              LED8x8(0,0x80);
  57              LED8x8(3,0x08);
  58              LED8x8(5,0x44);
  59            }
  60            
  61          }
  62          */
  63          
  64          
  65          
  66          
  67          
  68          
  69          //在lED矩阵里面0是低电平，1是高电平
  70          
  71          
  72          #include <regx52.h>
  73          #include "Delay.h"
  74          
  75          sbit SER = P3^4;//输入 SER //将二进制的八位代码每一次赋一个值给SER
  76          sbit SCK = P3^6;//位移 SCK //当SCK有了一个上升沿=1 -> =0后将SER中的数送到八位寄存器中
  77          sbit RCK = P3^5;//打包 RCK //当RCK存满了八位，给RCK一个上升沿，就可以将八位一次性输出
  78          
  79          void _595_writeByte(unsigned int Byte)//输出二进制数据到LED矩阵引脚(形参为十六进制)
  80          {
  81   1        int i = 0;
  82   1        for(i = 0;i < 8;i ++)
  83   1        {
  84   2          SER = Byte & (0x80>>i);//这个移位的操作是十六进制的移位一个十进制的数
  85   2                                 //这里i=0时0x80是第一位，当i=1时，变成了0x40即第二位
  86   2          SCK = 1;
  87   2          SCK = 0;
  88   2        }
  89   1        RCK = 1;
  90   1        RCK = 0;//给一个上升沿，将八位数据一次性输出到引脚
  91   1        
  92   1      }
  93          
  94          void LED_show(unsigned char col,unsigned char DATA)//形参为（十进制，十六进制）
  95          {
  96   1        _595_writeByte(DATA);
  97   1        P0 = ~(0x80 >> col);//P0可以理解成是只用来管理LED矩阵的I/O口
  98   1        Delay(1);
  99   1        P0 = 0xFF;//清零
 100   1        
 101   1        
 102   1      }
 103          
 104          void main()
 105          {
 106   1        SCK = 0;
 107   1        RCK = 0;//初始化变成低电平
 108   1        while(1)
 109   1        {
 110   2          // 火柴人打篮球动画（篮球左右手反复移动）核心帧数据
 111   2      // 帧1：初始姿态（左手持球）
 112   2      LED_show(0, 0x00);  // 第0列：全灭
 113   2      LED_show(1, 0x08);  // 第1列：00001000（左手+篮球）
 114   2      LED_show(2, 0x42);  // 第2列：01000010（身体轮廓上下边缘）
 115   2      LED_show(3, 0x7E);  // 第3列：01111110（身体完整轮廓）
 116   2      LED_show(4, 0x7E);  // 第4列：01111110（身体完整轮廓）
C51 COMPILER V9.57.0.0   MAIN                                                              12/28/2025 21:46:28 PAGE 3   

 117   2      LED_show(5, 0x42);  // 第5列：01000010（身体轮廓上下边缘）
 118   2      LED_show(6, 0x00);  // 第6列：全灭
 119   2      LED_show(7, 0x00);  // 第7列：全灭
 120   2      
 121   2      // 帧2：左手运球准备（篮球下移）
 122   2      LED_show(0, 0x00);  // 第0列：全灭
 123   2      LED_show(1, 0x02);  // 第1列：00000010（左手+下移的篮球）
 124   2      LED_show(2, 0x42);  // 第2列：01000010（身体轮廓上下边缘）
 125   2      LED_show(3, 0x7E);  // 第3列：01111110（身体完整轮廓）
 126   2      LED_show(4, 0x7E);  // 第4列：01111110（身体完整轮廓）
 127   2      LED_show(5, 0x42);  // 第5列：01000010（身体轮廓上下边缘）
 128   2      LED_show(6, 0x00);  // 第6列：全灭
 129   2      LED_show(7, 0x00);  // 第7列：全灭
 130   2      
 131   2      // 帧3：运球过渡（篮球在中间）
 132   2      LED_show(0, 0x00);  // 第0列：全灭
 133   2      LED_show(1, 0x00);  // 第1列：全灭
 134   2      LED_show(2, 0x04);  // 第2列：00000100（中间位置的篮球）
 135   2      LED_show(3, 0x7E);  // 第3列：01111110（身体完整轮廓）
 136   2      LED_show(4, 0x7E);  // 第4列：01111110（身体完整轮廓）
 137   2      LED_show(5, 0x42);  // 第5列：01000010（身体轮廓上下边缘）
 138   2      LED_show(6, 0x00);  // 第6列：全灭
 139   2      LED_show(7, 0x00);  // 第7列：全灭
 140   2      
 141   2      // 帧4：右手持球（篮球移到右手）
 142   2      LED_show(0, 0x00);  // 第0列：全灭
 143   2      LED_show(1, 0x00);  // 第1列：全灭
 144   2      LED_show(2, 0x42);  // 第2列：01000010（身体轮廓上下边缘）
 145   2      LED_show(3, 0x7E);  // 第3列：01111110（身体完整轮廓）
 146   2      LED_show(4, 0x7E);  // 第4列：01111110（身体完整轮廓）
 147   2      LED_show(5, 0x88);  // 第5列：10001000（右手+篮球）
 148   2      LED_show(6, 0x00);  // 第6列：全灭
 149   2      LED_show(7, 0x00);  // 第7列：全灭
 150   2      
 151   2      // 帧5：右手运球准备（篮球下移）
 152   2      LED_show(0, 0x00);  // 第0列：全灭
 153   2      LED_show(1, 0x00);  // 第1列：全灭
 154   2      LED_show(2, 0x42);  // 第2列：01000010（身体轮廓上下边缘）
 155   2      LED_show(3, 0x7E);  // 第3列：01111110（身体完整轮廓）
 156   2      LED_show(4, 0x7E);  // 第4列：01111110（身体完整轮廓）
 157   2      LED_show(5, 0x08);  // 第5列：00001000（右手+下移的篮球）
 158   2      LED_show(6, 0x00);  // 第6列：全灭
 159   2      LED_show(7, 0x00);  // 第7列：全灭
 160   2      
 161   2      // 帧6：运球过渡（篮球回中间）
 162   2      LED_show(0, 0x00);  // 第0列：全灭
 163   2      LED_show(1, 0x00);  // 第1列：全灭
 164   2      LED_show(2, 0x42);  // 第2列：01000010（身体轮廓上下边缘）
 165   2      LED_show(3, 0x7E);  // 第3列：01111110（身体完整轮廓）
 166   2      LED_show(4, 0x04);  // 第4列：00000100（中间位置的篮球）
 167   2      LED_show(5, 0x42);  // 第5列：01000010（身体轮廓上下边缘）
 168   2      LED_show(6, 0x00);  // 第6列：全灭
 169   2      LED_show(7, 0x00);  // 第7列：全灭
 170   2        }
 171   1      
 172   1        
 173   1      }
 174          
 175          
 176          
 177          
 178          
C51 COMPILER V9.57.0.0   MAIN                                                              12/28/2025 21:46:28 PAGE 4   

 179          
 180          /*
 181          0000 0 0001 1 0010 2 0011 3
 182          
 183          0100 4 0101 5 0110 6 0111 7
 184          
 185          1000 8 1001 9 1010 a 1011 b
 186          
 187          1100 c 1101 d 1110 e 1111 f
 188          */
 189          
 190          
 191          /*
 192          #include "REGX52.H"  // 替换为你的RGXS52.H头文件
 193          
 194          // 定义74HC595与单片机的连接引脚（沿用你之前的引脚定义）
 195          sbit sjw  = P3^4;  // 74HC595串行数据输入（SER）
 196          sbit yw   = P3^6;  // 74HC595移位时钟（SRCLK）SCK
 197          sbit cs   = P3^5;  // 74HC595锁存时钟（RCLK）RCK
 198          
 199          // 延时函数（消影+稳定显示，适配11.0592MHz晶振）
 200          void Delay(unsigned int xms)
 201          {
 202              unsigned char i, j;
 203              while(xms--)
 204              {
 205                  i = 2;
 206                  j = 199;
 207                  do
 208                  {
 209                      while(--j);
 210                  } while(--i);
 211              }
 212          }
 213          
 214          // 向74HC595发送1字节数据（标准时序，高位先行）
 215          void HC595_SendByte(unsigned char Byte)
 216          {
 217              unsigned char i;
 218              for(i = 0; i < 8; i++)
 219              {
 220                  sjw = (Byte >> (7 - i)) & 0x01;  // 取当前最高位
 221                  yw = 0;                          // 移位时钟拉低
 222                  yw = 1;                          // 上升沿移入数据
 223                  yw = 0;                          // 拉低复位
 224              }
 225              cs = 0;           // 锁存时钟拉低
 226              cs = 1;           // 上升沿锁存输出
 227              cs = 0;           // 拉低复位
 228          }
 229          
 230          // 8x8点阵爱心字模（共阴点阵，每一行对应1字节，0=灭，1=亮）
 231          // 行0到行7的显示数据，按爱心形状定义
 232          unsigned char Heart[8] = {
 233              0x00,  // 行0：00000000
 234              0x3C,  // 行1：00111100
 235              0x7E,  // 行2：01111110
 236              0xFF,  // 行3：11111111
 237              0xFF,  // 行4：11111111
 238              0x7E,  // 行5：01111110
 239              0x3C,  // 行6：00111100
 240              0x00   // 行7：00000000
C51 COMPILER V9.57.0.0   MAIN                                                              12/28/2025 21:46:28 PAGE 5   

 241          };
 242          
 243          // 点阵屏显示爱心函数（逐行扫描显示）
 244          void Display_Heart()
 245          {
 246              unsigned char i;
 247              for(i = 0; i < 8; i++)
 248              {
 249                  HC595_SendByte(Heart[i]);  // 发送当前行的显示数据
 250                  P0 = ~(0x80 >> i);         // 选通当前行（共阴点阵，列低电平有效）
 251                  Delay(1);                  // 保持显示，消影
 252                  P0 = 0xFF;                 // 关闭当前行，消除余辉
 253              }
 254          }
 255          
 256          // 主函数：循环显示爱心
 257          void main(void)
 258          {
 259              yw = 0;  // 初始化移位时钟
 260              cs = 0;  // 初始化锁存时钟
 261              while(1)
 262              {
 263                  Display_Heart();  // 持续显示爱心
 264              }
 265          }
 266          */


MODULE INFORMATION:   STATIC OVERLAYABLE
   CODE SIZE        =    412    ----
   CONSTANT SIZE    =   ----    ----
   XDATA SIZE       =   ----    ----
   PDATA SIZE       =   ----    ----
   DATA SIZE        =   ----       2
   IDATA SIZE       =   ----    ----
   BIT SIZE         =   ----    ----
END OF MODULE INFORMATION.


C51 COMPILATION COMPLETE.  0 WARNING(S),  0 ERROR(S)
