C51 COMPILER V9.60.7.0   DELAY                                                             03/16/2026 10:03:16 PAGE 1   


C51 COMPILER V9.60.7.0, COMPILATION OF MODULE DELAY
OBJECT MODULE PLACED IN .\Objects\Delay.obj
COMPILER INVOKED BY: C:\Keil_v5\C51\BIN\C51.EXE ..\7.ДЈҝй»ҜұаіМ\project\Delay.c OPTIMIZE(8,SPEED) BROWSE DEBUG OBJECTEXT
                    -END PRINT(.\Listings\Delay.lst) OBJECT(.\Objects\Delay.obj)

line level    source

   1          //иҝҷжІЎе•ҘиҜҙзҡ„,е°ұе»¶ж—¶еҮҪж•°
   2          //д»Ҙ ms дҪҚеҚ•дҪҚ,и°ғз”Ёж—¶жӢ¬еҸ·дёӯиҫ“е…ҘиҰҒе»¶ж—¶еӨҡе°‘ ms
   3          
   4          void Delay(int x)       //x ms //и°ғз”ЁDelayж—¶иҫ“е…ҘеҸӮж•°
   5          {
   6   1              int t = 0;
   7   1              for(t = 0;t < x;t ++)
   8   1                              {
   9   2                                      unsigned char data i, j;
  10   2                                      i = 2;
  11   2                                      j = 15;
  12   2                                              do
  13   2                                                      {
  14   3                                                              while (--j);
  15   3                                                      } while (--i);
  16   2                              }
  17   1      }


MODULE INFORMATION:   STATIC OVERLAYABLE
   CODE SIZE        =     36    ----
   CONSTANT SIZE    =   ----    ----
   XDATA SIZE       =   ----    ----
   PDATA SIZE       =   ----    ----
   DATA SIZE        =   ----       2
   IDATA SIZE       =   ----    ----
   BIT SIZE         =   ----    ----
END OF MODULE INFORMATION.


C51 COMPILATION COMPLETE.  0 WARNING(S),  0 ERROR(S)
