C51 COMPILER V9.60.7.0   MAIN                                                              03/16/2026 14:25:51 PAGE 1   


C51 COMPILER V9.60.7.0, COMPILATION OF MODULE MAIN
OBJECT MODULE PLACED IN .\Objects\main.obj
COMPILER INVOKED BY: C:\Keil_v5\C51\BIN\C51.EXE main.c OPTIMIZE(8,SPEED) BROWSE DEBUG OBJECTEXTEND PRINT(.\Listings\main
                    -.lst) OBJECT(.\Objects\main.obj)

line level    source

   1          #include <REGX52.H>
   2          #include "Timer0.h"
   3          #include "Key.h"
   4          #include "Delay.h"
   5          #include <INTRINS.H>//一个函数库,其中包含非常多的功能
   6          
   7          unsigned int KeyNum,LEDMode;
   8          //单片机的晶振频率是1s的脉冲次数
   9          //16位计数是记2的16次方个记录,每12hz(脉冲)是一个机器周期-00-
  10          //一个机器周期使得计数加1,记满2的16次方触发中断
  11          
  12          
  13          //TMOD一般用的多的都是16位计时(主流,记录的时间长)
  14          //TF0---中断溢出标志位
  15          
  16          
  17          
  18          
  19          
  20          
  21          
  22          //函数尾部带有interrupt+数字的是定时器中断函数
  23          //后面的数字代表着中断源是什么
  24          //当中断源发生中断后,会无条件跳转到中断函数
  25          //并执行完这里面的程序在返回原来跳转的位置
  26          /*中断号 + 中断源标识符
  27          *interrupt 0 → 外部中断 0
  28          *interrupt 1 → 定时器 0 中断（当前选取的定时器）
  29          *interrupt 2 → 外部中断 1
  30          *interrupt 3 → 定时器 1 中断
  31          *interrupt 4 → 串口中断
  32          */
  33          
  34          
  35          
  36          //定时器中断跳转函数
  37          void Timer0_Routine()interrupt 1
  38          {
  39   1          //static可以要该值在结束后保留不会消失
  40   1          //将数据放在静态存储区
  41   1          static unsigned int T0Count = 0;
  42   1          
  43   1          TH0 = 64635 / 256;
  44   1          TL0 = 64535 % 256;
  45   1          TF0 = 0;
  46   1          T0Count ++;
  47   1          //当1ms的中断触发后执行中断函数内指令
  48   1          //要讲定时器高低8位重置,并且计数器 TCount + 1
  49   1          
  50   1          if(T0Count >= 500)//规定500ms
  51   1          {
  52   2              //P2_0 = ~P2_0;
  53   2              T0Count = 0;     
  54   2              if(LEDMode == 0)
C51 COMPILER V9.60.7.0   MAIN                                                              03/16/2026 14:25:51 PAGE 2   

  55   2                  P2 = _crol_(P2,1);
  56   2              if(LEDMode == 1)
  57   2                  P2 = _cror_(P2,1);
  58   2          }
  59   1      }
  60          
  61          
  62          
  63          
  64          
  65          
  66          
  67          
  68          
  69          void main()
  70          {
  71   1          P2 = 0xFE;//1111 1110 //0是亮灯低电平
  72   1         
  73   1          Timer0_Init();
  74   1              while(1)
  75   1              {
  76   2              KeyNum = Key(); //Key返回按下的按键标号
  77   2              if(KeyNum)
  78   2              {
  79   3                  if(KeyNum == 1)
  80   3                  {
  81   4                      LEDMode ++;
  82   4                      
  83   4                     if(LEDMode >= 2)
  84   4                         LEDMode = 0;  
  85   4                 }           
  86   3              }
  87   2              }
  88   1              
  89   1              
  90   1              
  91   1              
  92   1              
  93   1      }


MODULE INFORMATION:   STATIC OVERLAYABLE
   CODE SIZE        =    143    ----
   CONSTANT SIZE    =   ----    ----
   XDATA SIZE       =   ----    ----
   PDATA SIZE       =   ----    ----
   DATA SIZE        =      6    ----
   IDATA SIZE       =   ----    ----
   BIT SIZE         =   ----    ----
END OF MODULE INFORMATION.


C51 COMPILATION COMPLETE.  0 WARNING(S),  0 ERROR(S)
