C51 COMPILER V9.57.0.0   DELAY                                                             12/21/2025 11:00:16 PAGE 1   


C51 COMPILER V9.57.0.0, COMPILATION OF MODULE DELAY
OBJECT MODULE PLACED IN .\Objects\Delay.obj
COMPILER INVOKED BY: D:\keil51\C51\BIN\C51.EXE Delay.c OPTIMIZE(8,SPEED) BROWSE DEBUG OBJECTEXTEND PRINT(.\Listings\Dela
                    -y.lst) TABS(2) OBJECT(.\Objects\Delay.obj)

line level    source

   1            void Delay(int x)
   2          {
   3   1        int t = 0;
   4   1        unsigned char data i, j;
   5   1        for(t = 0;t < x;t ++)
   6   1        {
   7   2          i = 11;
   8   2          j = 190;
   9   2          do
  10   2            {
  11   3              while (--j);
  12   3            } while (--i);
  13   2        }
  14   1      }
  15          
  16          


MODULE INFORMATION:   STATIC OVERLAYABLE
   CODE SIZE        =     32    ----
   CONSTANT SIZE    =   ----    ----
   XDATA SIZE       =   ----    ----
   PDATA SIZE       =   ----    ----
   DATA SIZE        =   ----    ----
   IDATA SIZE       =   ----    ----
   BIT SIZE         =   ----    ----
END OF MODULE INFORMATION.


C51 COMPILATION COMPLETE.  0 WARNING(S),  0 ERROR(S)
