C51 COMPILER V9.57.0.0   MAIN                                                              12/21/2025 13:45:51 PAGE 1   


C51 COMPILER V9.57.0.0, COMPILATION OF MODULE MAIN
OBJECT MODULE PLACED IN .\Objects\main.obj
COMPILER INVOKED BY: D:\keil51\C51\BIN\C51.EXE main.c OPTIMIZE(8,SPEED) BROWSE DEBUG OBJECTEXTEND PRINT(.\Listings\main.
                    -lst) TABS(2) OBJECT(.\Objects\main.obj)

line level    source

   1          #include <REGX52.H>
   2          int cnt = 0;
   3          void time()//Нјаа1sЕФМЦЪ§
   4          {
   5   1        TMOD = 0x01;
   6   1        for(cnt = 0;cnt < 20;cnt ++)
   7   1        {
   8   2            //ГѕЪМЛЏПЊЪММЦЪБ
   9   2            TH0 = (65536 - 46074) / 256;
  10   2            TL0 = (65536 - 46074) % 256;
  11   2            TR0 = 1;
  12   2          
  13   2            //вчГіЪБжижУЫљгаЪ§Он
  14   2            while(1)
  15   2              {
  16   3                  if(TF0 == 1)
  17   3                  {
  18   4                    TR0 = 0;
  19   4                    TF0 = 0;
  20   4                    break;
  21   4                  }
  22   3              }
  23   2        }
  24   1        
  25   1      }
  26          
  27          void main()
  28          {
  29   1        while(1)
  30   1        {
  31   2            P2 = 0xff;
  32   2            P2_0 = 0;time();
  33   2            P2_0 = 1;P2_1 = 0;time();
  34   2            P2_1 = 1;P2_2 = 0;time();
  35   2            P2_2 = 1;P2_3 = 0;time();
  36   2            P2_3 = 1;P2_4 = 0;time();
  37   2            P2_4 = 1;P2_5 = 0;time();
  38   2            P2_5 = 1;P2_6 = 0;time();
  39   2            P2_6 = 1;P2_7 = 0;time();
  40   2        }
  41   1      }


MODULE INFORMATION:   STATIC OVERLAYABLE
   CODE SIZE        =     97    ----
   CONSTANT SIZE    =   ----    ----
   XDATA SIZE       =   ----    ----
   PDATA SIZE       =   ----    ----
   DATA SIZE        =      2    ----
   IDATA SIZE       =   ----    ----
   BIT SIZE         =   ----    ----
END OF MODULE INFORMATION.


C51 COMPILATION COMPLETE.  0 WARNING(S),  0 ERROR(S)
