C51 COMPILER V9.57.0.0   MAIN                                                              12/17/2025 09:35:20 PAGE 1   


C51 COMPILER V9.57.0.0, COMPILATION OF MODULE MAIN
OBJECT MODULE PLACED IN .\Objects\main.obj
COMPILER INVOKED BY: D:\keil51\C51\BIN\C51.EXE main.c OPTIMIZE(8,SPEED) BROWSE DEBUG OBJECTEXTEND PRINT(.\Listings\main.
                    -lst) TABS(2) OBJECT(.\Objects\main.obj)

line level    source

   1          #include <REGX52.H>
   2          
   3          void Delay(int x) 
   4          {
   5   1        int t = 0;
   6   1        for(t = 0;t < x;t ++)
   7   1            {
   8   2              unsigned char data i, j;
   9   2              i = 2;
  10   2              j = 15;
  11   2                do
  12   2                  {
  13   3                    while (--j);
  14   3                  } while (--i);
  15   2            }
  16   1      }
  17          
  18          unsigned int nixietable[] = 
  19          {0x3f,0x06,0x5b,0x4f,
  20           0x66,0x6d,0x7d,0x07,
  21           0x7f,0x6f,0x77,0x7c,
  22           0x39,0x5e,0x79,0x71};
  23          
  24          void nixie(int Location,int Number)
  25          {
  26   1          switch(Location)
  27   1          {
  28   2            case 1:P2_4 = 1;P2_3 = 1;P2_2 = 1;break;
  29   2            case 2:P2_4 = 1;P2_3 = 1;P2_2 = 0;break;
  30   2            case 3:P2_4 = 1;P2_3 = 0;P2_2 = 1;break;
  31   2            case 4:P2_4 = 1;P2_3 = 0;P2_2 = 0;break;
  32   2            case 5:P2_4 = 0;P2_3 = 1;P2_2 = 1;break;
  33   2            case 6:P2_4 = 0;P2_3 = 1;P2_2 = 0;break;
  34   2            case 7:P2_4 = 0;P2_3 = 0;P2_2 = 1;break;
  35   2            case 8:P2_4 = 0;P2_3 = 0;P2_2 = 0;break;
  36   2          }
  37   1          P0 = nixietable[Number];
  38   1        
  39   1      }
  40          void main()
  41          {
  42   1          while(1)
  43   1          {
  44   2            nixie(1,1); 
  45   2            Delay(1);
  46   2            nixie(2,2);
  47   2            Delay(1);
  48   2            nixie(3,3);
  49   2            Delay(1);
  50   2            nixie(4,4);
  51   2            Delay(1);
  52   2            nixie(5,5);
  53   2            Delay(1);
  54   2            nixie(6,6);
C51 COMPILER V9.57.0.0   MAIN                                                              12/17/2025 09:35:20 PAGE 2   

  55   2            Delay(1);
  56   2            nixie(7,7);
  57   2            Delay(1);
  58   2            nixie(8,8);
  59   2            Delay(1);
  60   2          }
  61   1          
  62   1      }


MODULE INFORMATION:   STATIC OVERLAYABLE
   CODE SIZE        =    226    ----
   CONSTANT SIZE    =   ----    ----
   XDATA SIZE       =   ----    ----
   PDATA SIZE       =   ----    ----
   DATA SIZE        =     32       2
   IDATA SIZE       =   ----    ----
   BIT SIZE         =   ----    ----
END OF MODULE INFORMATION.


C51 COMPILATION COMPLETE.  0 WARNING(S),  0 ERROR(S)
