C51 COMPILER V9.57.0.0   MAIN                                                              12/16/2025 09:02:59 PAGE 1   


C51 COMPILER V9.57.0.0, COMPILATION OF MODULE MAIN
OBJECT MODULE PLACED IN .\Objects\main.obj
COMPILER INVOKED BY: D:\keil51\C51\BIN\C51.EXE main.c OPTIMIZE(8,SPEED) BROWSE DEBUG OBJECTEXTEND PRINT(.\Listings\main.
                    -lst) TABS(2) OBJECT(.\Objects\main.obj)

line level    source

   1          #include <REGX52.H>
   2          
   3          void Delay(unsigned int x)
   4          {
   5   1        int t = 0;
   6   1        for(t = 0;t < x;t ++)
   7   1            {
   8   2            unsigned char data i, j;
   9   2            i = 2;
  10   2            j = 199;
  11   2            do
  12   2            {
  13   3              while (--j);
  14   3            }while (--i);
  15   2          }
  16   1      }
  17          
  18          
  19          void main()
  20          {
  21   1          unsigned char LEDNUM = 0;
  22   1        
  23   1        
  24   1        while(1)
  25   1        {
  26   2            if(P3_0 == 0)
  27   2            {
  28   3                Delay(20);
  29   3                while(P3_0 == 0);//stop here
  30   3                Delay(20);
  31   3              LEDNUM++;
  32   3              P2 = ~LEDNUM;
  33   3            }
  34   2          
  35   2        }
  36   1        
  37   1        
  38   1        
  39   1      }


MODULE INFORMATION:   STATIC OVERLAYABLE
   CODE SIZE        =     59    ----
   CONSTANT SIZE    =   ----    ----
   XDATA SIZE       =   ----    ----
   PDATA SIZE       =   ----    ----
   DATA SIZE        =   ----       2
   IDATA SIZE       =   ----    ----
   BIT SIZE         =   ----    ----
END OF MODULE INFORMATION.


C51 COMPILATION COMPLETE.  0 WARNING(S),  0 ERROR(S)
