C51 COMPILER V9.57.0.0   MAIN                                                              12/17/2025 10:02:27 PAGE 1   


C51 COMPILER V9.57.0.0, COMPILATION OF MODULE MAIN
OBJECT MODULE PLACED IN .\Objects\main.obj
COMPILER INVOKED BY: D:\keil51\C51\BIN\C51.EXE main.c OPTIMIZE(8,SPEED) BROWSE DEBUG OBJECTEXTEND PRINT(.\Listings\main.
                    -lst) TABS(2) OBJECT(.\Objects\main.obj)

line level    source

   1          #include <REGX52.H>
   2          #include "Delay.h"
   3          #include "nixie.h"
   4          void main()
   5          {
   6   1          while(1)
   7   1          {
   8   2            nixie(1,1); 
   9   2            Delay(1);
  10   2            nixie(2,2);
  11   2            Delay(1);
  12   2            nixie(3,3);
  13   2            Delay(1);
  14   2            nixie(4,4);
  15   2            Delay(1);
  16   2            nixie(5,5);
  17   2            Delay(1);
  18   2            nixie(6,6);
  19   2            Delay(1);
  20   2            nixie(7,7);
  21   2            Delay(1);
  22   2            nixie(8,8);
  23   2            Delay(1);
  24   2          }
  25   1          
  26   1      }


MODULE INFORMATION:   STATIC OVERLAYABLE
   CODE SIZE        =    147    ----
   CONSTANT SIZE    =   ----    ----
   XDATA SIZE       =   ----    ----
   PDATA SIZE       =   ----    ----
   DATA SIZE        =   ----    ----
   IDATA SIZE       =   ----    ----
   BIT SIZE         =   ----    ----
END OF MODULE INFORMATION.


C51 COMPILATION COMPLETE.  0 WARNING(S),  0 ERROR(S)
