C51 COMPILER V9.57.0.0   NIXIE                                                             12/17/2025 09:59:25 PAGE 1   


C51 COMPILER V9.57.0.0, COMPILATION OF MODULE NIXIE
OBJECT MODULE PLACED IN .\Objects\nixie.obj
COMPILER INVOKED BY: D:\keil51\C51\BIN\C51.EXE nixie.c OPTIMIZE(8,SPEED) BROWSE DEBUG OBJECTEXTEND PRINT(.\Listings\nixi
                    -e.lst) TABS(2) OBJECT(.\Objects\nixie.obj)

line level    source

   1          #include <REGX52.H>
   2          unsigned int nixietable[] = 
   3          {0x3f,0x06,0x5b,0x4f,
   4           0x66,0x6d,0x7d,0x07,
   5           0x7f,0x6f,0x77,0x7c,
   6           0x39,0x5e,0x79,0x71};
   7          
   8          
   9          void nixie(int Location,int Number)
  10          {
  11   1          switch(Location)
  12   1          {
  13   2            case 1:P2_4 = 1;P2_3 = 1;P2_2 = 1;break;
  14   2            case 2:P2_4 = 1;P2_3 = 1;P2_2 = 0;break;
  15   2            case 3:P2_4 = 1;P2_3 = 0;P2_2 = 1;break;
  16   2            case 4:P2_4 = 1;P2_3 = 0;P2_2 = 0;break;
  17   2            case 5:P2_4 = 0;P2_3 = 1;P2_2 = 1;break;
  18   2            case 6:P2_4 = 0;P2_3 = 1;P2_2 = 0;break;
  19   2            case 7:P2_4 = 0;P2_3 = 0;P2_2 = 1;break;
  20   2            case 8:P2_4 = 0;P2_3 = 0;P2_2 = 0;break;
  21   2          }
  22   1          P0 = nixietable[Number];
  23   1      }


MODULE INFORMATION:   STATIC OVERLAYABLE
   CODE SIZE        =    105    ----
   CONSTANT SIZE    =   ----    ----
   XDATA SIZE       =   ----    ----
   PDATA SIZE       =   ----    ----
   DATA SIZE        =     32    ----
   IDATA SIZE       =   ----    ----
   BIT SIZE         =   ----    ----
END OF MODULE INFORMATION.


C51 COMPILATION COMPLETE.  0 WARNING(S),  0 ERROR(S)
