C51 COMPILER V9.57.0.0   MAIN                                                              12/16/2025 12:26:46 PAGE 1   


C51 COMPILER V9.57.0.0, COMPILATION OF MODULE MAIN
OBJECT MODULE PLACED IN .\Objects\main.obj
COMPILER INVOKED BY: D:\keil51\C51\BIN\C51.EXE main.c OPTIMIZE(8,SPEED) BROWSE DEBUG OBJECTEXTEND PRINT(.\Listings\main.
                    -lst) TABS(2) OBJECT(.\Objects\main.obj)

line level    source

   1          #include <REGX52.H>
   2          
   3          void Delay(int x) 
   4          {
   5   1        unsigned char data i, j;
   6   1        int t = 0;
   7   1        for(t = 0;t < x;t ++)
   8   1        {
   9   2            i = 11;
  10   2            j = 190;
  11   2            do
  12   2            {
  13   3              while (--j);
  14   3            }while (--i);
  15   2        }
  16   1      }
  17          
  18          
  19            static unsigned char LEDNUM = 0;
  20          void main()
  21          {
  22   1          P2 = ~0X01;
  23   1        while(1)
  24   1        {
  25   2          
  26   2          if(P3_1 == 0)
  27   2          {
  28   3              
  29   3              Delay(20);
  30   3              while(P3_1 == 0);
  31   3              
  32   3              Delay(20);
  33   3              LEDNUM ++;
  34   3              if(LEDNUM >= 8)
  35   3              {
  36   4                  LEDNUM = 0;
  37   4              }
  38   3              P2 = ~(0x01 << LEDNUM );//P2 = 1111 1110
  39   3          }
  40   2            if(P3_0 == 0)
  41   2            {
  42   3                
  43   3                Delay(20);
  44   3                while(P3_0 == 0);
  45   3                Delay(20);
  46   3                if(LEDNUM == 0)
  47   3                {
  48   4                    LEDNUM = 7;
  49   4                }
  50   3                else LEDNUM --;
  51   3                P2 = ~(0x01 << LEDNUM);
  52   3            }
  53   2          
  54   2          
C51 COMPILER V9.57.0.0   MAIN                                                              12/16/2025 12:26:46 PAGE 2   

  55   2          
  56   2          
  57   2          
  58   2          
  59   2        }
  60   1        
  61   1        
  62   1      }


MODULE INFORMATION:   STATIC OVERLAYABLE
   CODE SIZE        =    120    ----
   CONSTANT SIZE    =   ----    ----
   XDATA SIZE       =   ----    ----
   PDATA SIZE       =   ----    ----
   DATA SIZE        =      1    ----
   IDATA SIZE       =   ----    ----
   BIT SIZE         =   ----    ----
END OF MODULE INFORMATION.


C51 COMPILATION COMPLETE.  0 WARNING(S),  0 ERROR(S)
