C51 COMPILER V9.60.7.0   DELAY                                                             03/18/2026 18:59:23 PAGE 1   


C51 COMPILER V9.60.7.0, COMPILATION OF MODULE DELAY
OBJECT MODULE PLACED IN .\Objects\Delay.obj
COMPILER INVOKED BY: C:\Keil_v5\C51\BIN\C51.EXE Delay.c OPTIMIZE(8,SPEED) BROWSE DEBUG OBJECTEXTEND PRINT(.\Listings\Del
                    -ay.lst) OBJECT(.\Objects\Delay.obj)

line level    source

   1          
   2          void Delay(int x)       
   3          {
   4   1              int t = 0;
   5   1              for(t = 0;t < x;t ++)
   6   1                              {
   7   2                                      unsigned char data i, j;
   8   2                                      i = 2;
   9   2                                      j = 15;
  10   2                                              do
  11   2                                                      {
  12   3                                                              while (--j);
  13   3                                                      } while (--i);
  14   2                              }
  15   1      }


MODULE INFORMATION:   STATIC OVERLAYABLE
   CODE SIZE        =     36    ----
   CONSTANT SIZE    =   ----    ----
   XDATA SIZE       =   ----    ----
   PDATA SIZE       =   ----    ----
   DATA SIZE        =   ----       2
   IDATA SIZE       =   ----    ----
   BIT SIZE         =   ----    ----
END OF MODULE INFORMATION.


C51 COMPILATION COMPLETE.  0 WARNING(S),  0 ERROR(S)
