C51 COMPILER V9.60.7.0   TIMER0                                                            03/18/2026 18:59:23 PAGE 1   


C51 COMPILER V9.60.7.0, COMPILATION OF MODULE TIMER0
OBJECT MODULE PLACED IN .\Objects\Timer0.obj
COMPILER INVOKED BY: C:\Keil_v5\C51\BIN\C51.EXE Timer0.c OPTIMIZE(8,SPEED) BROWSE DEBUG OBJECTEXTEND PRINT(.\Listings\Ti
                    -mer0.lst) OBJECT(.\Objects\Timer0.obj)

line level    source

   1          //波特率定时器1
   2          //定时器有两个,之前用来定时器计时的定时器是定时器0
   3          //定时器1一般用来设置波特率
   4          //波特率是两个设备之间交流的频道
   5          //只有两个设备的波特率相等,频道相等,在能够正常交流
   6          
   7          
   8          
   9          
  10          
  11          
  12          #include <REGX52.H>
  13          
  14          void Timer1_Init()//@1ms
  15          {
  16   1          
  17   1          //2.设置定时器,这里是模式2,是串口波特率专用模式
  18   1              TMOD |= 0x20;
  19   1          
  20   1          //3.设置波特率.通用写法,代表9600波特率
  21   1          TH1 = 0xFD;
  22   1          TL1 = 0xFD;
  23   1          
  24   1          //4.启动定时器
  25   1          TR1 = 1; //定时器启动开关,能够产生波特率时钟(节拍器)
  26   1          REN = 1; //定时器通信开关,让串口能够接收数据(接收器)
  27   1          
  28   1          
  29   1          
  30   1      }


MODULE INFORMATION:   STATIC OVERLAYABLE
   CODE SIZE        =     14    ----
   CONSTANT SIZE    =   ----    ----
   XDATA SIZE       =   ----    ----
   PDATA SIZE       =   ----    ----
   DATA SIZE        =   ----    ----
   IDATA SIZE       =   ----    ----
   BIT SIZE         =   ----    ----
END OF MODULE INFORMATION.


C51 COMPILATION COMPLETE.  0 WARNING(S),  0 ERROR(S)
