C51 COMPILER V9.57.0.0   MAIN                                                              12/15/2025 21:28:39 PAGE 1   


C51 COMPILER V9.57.0.0, COMPILATION OF MODULE MAIN
OBJECT MODULE PLACED IN .\Objects\main.obj
COMPILER INVOKED BY: D:\keil51\C51\BIN\C51.EXE main.c OPTIMIZE(8,SPEED) BROWSE DEBUG OBJECTEXTEND PRINT(.\Listings\main.
                    -lst) TABS(2) OBJECT(.\Objects\main.obj)

line level    source

   1          #include <REGX52.H>
   2          #include <INTRINS.H>
   3          
   4          void Delay(unsigned int x)  
   5          {
   6   1          unsigned char data i, j,t;
   7   1          for(t = 0;t < x;t ++)
   8   1          {
   9   2              i = 36;
  10   2              j = 217;
  11   2              do
  12   2                {
  13   3                  while (--j);
  14   3                } while (--i);
  15   2          }
  16   1      }
  17          
  18          
  19          
  20          void main()
  21          {
  22   1          while(1)
  23   1          {
  24   2            if(P3_0 == 0)
  25   2            {
  26   3                Delay(20);
  27   3                while(P3_0==0);
  28   3                Delay(20);
  29   3                P2_0 = ~P2_0;
  30   3                
  31   3            }
  32   2          }
  33   1      }


MODULE INFORMATION:   STATIC OVERLAYABLE
   CODE SIZE        =     45    ----
   CONSTANT SIZE    =   ----    ----
   XDATA SIZE       =   ----    ----
   PDATA SIZE       =   ----    ----
   DATA SIZE        =   ----    ----
   IDATA SIZE       =   ----    ----
   BIT SIZE         =   ----    ----
END OF MODULE INFORMATION.


C51 COMPILATION COMPLETE.  0 WARNING(S),  0 ERROR(S)
