C51 COMPILER V9.60.7.0   LCD1602                                                           03/25/2026 16:26:03 PAGE 1   


C51 COMPILER V9.60.7.0, COMPILATION OF MODULE LCD1602
OBJECT MODULE PLACED IN .\Objects\LCD1602.obj
COMPILER INVOKED BY: C:\Keil_v5\C51\BIN\C51.EXE LCD1602.c OPTIMIZE(8,SPEED) BROWSE DEBUG OBJECTEXTEND PRINT(.\Listings\L
                    -CD1602.lst) OBJECT(.\Objects\LCD1602.obj)

line level    source

   1          #include <REGX52.H>
   2          
   3          //引脚配置：
   4          sbit LCD_RS=P2^6;
   5          sbit LCD_RW=P2^5;
   6          sbit LCD_EN=P2^7;
   7          #define LCD_DataPort P0
   8          
   9          
  10          
  11          //函数定义：
  12          /**
  13            * @brief  LCD1602延时函数，12MHz调用可延时1ms
  14            * @param  无
  15            * @retval 无
  16            */
  17          void LCD_Delay()
  18          {
  19   1              unsigned char i, j;
  20   1      
  21   1              i = 2;
  22   1              j = 239;
  23   1              do
  24   1              {
  25   2                      while (--j);
  26   2              } while (--i);
  27   1      }
  28          
  29          
  30          
  31          /**
  32            * @brief  LCD1602写命令
  33            * @param  Command 要写入的命令
  34            * @retval 无
  35            */
  36          void LCD_WriteCommand(unsigned char Command)
  37          {
  38   1              LCD_RS=0;
  39   1              LCD_RW=0;
  40   1              LCD_DataPort=Command;
  41   1              LCD_EN=1;
  42   1              LCD_Delay();
  43   1              LCD_EN=0;
  44   1              LCD_Delay();
  45   1      }
  46          
  47          
  48          
  49          
  50          /**
  51            * @brief  LCD1602初始化函数
  52            * @param  无
  53            * @retval 无
  54            */
C51 COMPILER V9.60.7.0   LCD1602                                                           03/25/2026 16:26:03 PAGE 2   

  55          void LCD_Init()
  56          {
  57   1              LCD_WriteCommand(0x38);//八位数据接口，两行显示，5*7点阵
  58   1              LCD_WriteCommand(0x0c);//显示开，光标关，闪烁关
  59   1              LCD_WriteCommand(0x06);//数据读写操作后，光标自动加一，画面不动
  60   1              LCD_WriteCommand(0x01);//光标复位，清屏
  61   1      }
  62          
  63          
  64          
  65          
  66          
  67          
  68          
  69          
  70          
  71          
  72          
  73          
  74          /**
  75            * @brief  LCD1602写数据
  76            * @param  Data 要写入的数据
  77            * @retval 无
  78            */
  79          void LCD_WriteData(unsigned char Data)
  80          {
  81   1              LCD_RS=1;
  82   1              LCD_RW=0;
  83   1              LCD_DataPort=Data;
  84   1              LCD_EN=1;
  85   1              LCD_Delay();
  86   1              LCD_EN=0;
  87   1              LCD_Delay();
  88   1      }
  89          
  90          
  91          
  92          /**
  93            * @brief  LCD1602设置光标位置
  94            * @param  Line 行位置，范围：1~2
  95            * @param  Column 列位置，范围：1~16
  96            * @retval 无
  97            */
  98          void LCD_SetCursor(unsigned char Line,unsigned char Column)
  99          {
 100   1              if(Line==1)
 101   1              {
 102   2                      LCD_WriteCommand(0x80|(Column-1));
 103   2              }
 104   1              else if(Line==2)
 105   1              {
 106   2                      LCD_WriteCommand(0x80|(Column-1+0x40));
 107   2              }
 108   1      }
 109          
 110          
 111          
 112          
 113          /**
 114            * @brief  在LCD1602指定位置上显示一个字符
 115            * @param  Line 行位置，范围：1~2
 116            * @param  Column 列位置，范围：1~16
C51 COMPILER V9.60.7.0   LCD1602                                                           03/25/2026 16:26:03 PAGE 3   

 117            * @param  Char 要显示的字符
 118            * @retval 无
 119            */
 120          void LCD_ShowChar(unsigned char Line,unsigned char Column,char Char)
 121          {
 122   1              LCD_SetCursor(Line,Column);
 123   1              LCD_WriteData(Char);
 124   1      }
 125          
 126          
 127          
 128          
 129          /**
 130            * @brief  在LCD1602指定位置开始显示所给字符串
 131            * @param  Line 起始行位置，范围：1~2
 132            * @param  Column 起始列位置，范围：1~16
 133            * @param  String 要显示的字符串
 134            * @retval 无
 135            */
 136          void LCD_ShowString(unsigned char Line,unsigned char Column,char *String)
 137          {
 138   1              unsigned char i;
 139   1              LCD_SetCursor(Line,Column);
 140   1              for(i=0;String[i]!='\0';i++)
 141   1              {
 142   2                      LCD_WriteData(String[i]);
 143   2              }
 144   1      }
 145          
 146          
 147          
 148          
 149          /**
 150            * @brief  返回值=X的Y次方
 151            */
 152          int LCD_Pow(int X,int Y)
 153          {
 154   1              unsigned char i;
 155   1              int Result=1;
 156   1              for(i=0;i<Y;i++)
 157   1              {
 158   2                      Result*=X;
 159   2              }
 160   1              return Result;
 161   1      }
 162          
 163          
 164          
 165          /**
 166            * @brief  在LCD1602指定位置开始显示所给数字
 167            * @param  Line 起始行位置，范围：1~2
 168            * @param  Column 起始列位置，范围：1~16
 169            * @param  Number 要显示的数字，范围：0~65535
 170            * @param  Length 要显示数字的长度，范围：1~5
 171            * @retval 无
 172            */
 173          void LCD_ShowNum(unsigned char Line,unsigned char Column,unsigned int Number,unsigned char Length)
 174          {
 175   1              unsigned char i;
 176   1              LCD_SetCursor(Line,Column);
 177   1              for(i=Length;i>0;i--)
 178   1              {
C51 COMPILER V9.60.7.0   LCD1602                                                           03/25/2026 16:26:03 PAGE 4   

 179   2                      LCD_WriteData(Number/LCD_Pow(10,i-1)%10+'0');
 180   2              }
 181   1      }
 182          
 183          
 184          
 185          /**
 186            * @brief  在LCD1602指定位置开始以有符号十进制显示所给数字
 187            * @param  Line 起始行位置，范围：1~2
 188            * @param  Column 起始列位置，范围：1~16
 189            * @param  Number 要显示的数字，范围：-32768~32767
 190            * @param  Length 要显示数字的长度，范围：1~5
 191            * @retval 无
 192            */
 193          void LCD_ShowSignedNum(unsigned char Line,unsigned char Column,int Number,unsigned char Length)
 194          {
 195   1              unsigned char i;
 196   1              unsigned int Number1;
 197   1              LCD_SetCursor(Line,Column);
 198   1              if(Number>=0)
 199   1              {
 200   2                      LCD_WriteData('+');
 201   2                      Number1=Number;
 202   2              }
 203   1              else
 204   1              {
 205   2                      LCD_WriteData('-');
 206   2                      Number1=-Number;
 207   2              }
 208   1              for(i=Length;i>0;i--)
 209   1              {
 210   2                      LCD_WriteData(Number1/LCD_Pow(10,i-1)%10+'0');
 211   2              }
 212   1      }
 213          
 214          
 215          
 216          /**
 217            * @brief  在LCD1602指定位置开始以十六进制显示所给数字
 218            * @param  Line 起始行位置，范围：1~2
 219            * @param  Column 起始列位置，范围：1~16
 220            * @param  Number 要显示的数字，范围：0~0xFFFF
 221            * @param  Length 要显示数字的长度，范围：1~4
 222            * @retval 无
 223            */
 224          void LCD_ShowHexNum(unsigned char Line,unsigned char Column,unsigned int Number,unsigned char Length)
 225          {
 226   1              unsigned char i,SingleNumber;
 227   1              LCD_SetCursor(Line,Column);
 228   1              for(i=Length;i>0;i--)
 229   1              {
 230   2                      SingleNumber=Number/LCD_Pow(16,i-1)%16;
 231   2                      if(SingleNumber<10)
 232   2                      {
 233   3                              LCD_WriteData(SingleNumber+'0');
 234   3                      }
 235   2                      else
 236   2                      {
 237   3                              LCD_WriteData(SingleNumber-10+'A');
 238   3                      }
 239   2              }
 240   1      }
C51 COMPILER V9.60.7.0   LCD1602                                                           03/25/2026 16:26:03 PAGE 5   

 241          
 242          
 243          
 244          /**
 245            * @brief  在LCD1602指定位置开始以二进制显示所给数字
 246            * @param  Line 起始行位置，范围：1~2
 247            * @param  Column 起始列位置，范围：1~16
 248            * @param  Number 要显示的数字，范围：0~1111 1111 1111 1111
 249            * @param  Length 要显示数字的长度，范围：1~16
 250            * @retval 无
 251            */
 252          void LCD_ShowBinNum(unsigned char Line,unsigned char Column,unsigned int Number,unsigned char Length)
 253          {
 254   1              unsigned char i;
 255   1              LCD_SetCursor(Line,Column);
 256   1              for(i=Length;i>0;i--)
 257   1              {
 258   2                      LCD_WriteData(Number/LCD_Pow(2,i-1)%2+'0');
 259   2              }
 260   1      }


MODULE INFORMATION:   STATIC OVERLAYABLE
   CODE SIZE        =    393    ----
   CONSTANT SIZE    =   ----    ----
   XDATA SIZE       =   ----    ----
   PDATA SIZE       =   ----    ----
   DATA SIZE        =   ----      29
   IDATA SIZE       =   ----    ----
   BIT SIZE         =   ----    ----
END OF MODULE INFORMATION.


C51 COMPILATION COMPLETE.  0 WARNING(S),  0 ERROR(S)
