C51 COMPILER V9.57.0.0   MAIN                                                              03/24/2026 20:54:44 PAGE 1   


C51 COMPILER V9.57.0.0, COMPILATION OF MODULE MAIN
OBJECT MODULE PLACED IN .\Objects\main.obj
COMPILER INVOKED BY: D:\keil51\C51\BIN\C51.EXE main.c OPTIMIZE(8,SPEED) BROWSE DEBUG OBJECTEXTEND PRINT(.\Listings\main.
                    -lst) OBJECT(.\Objects\main.obj)

line level    source

   1          /*
   2          |=0x01 : жҠҠз¬¬йӣ¶дҪҚејәеҲ¶еҸҳжҲҗ1,е…¶д»–зҡ„дёҚеҸҳ
   3          &=0x01 : еҸӘдҝқз•ҷз¬¬йӣ¶дҪҚ,е…¶д»–зҡ„ејәеҲ¶еҸҳжҲҗ0
   4          !=0x01 : еҸӘдјҡжҜ”иҫғиҝҷдёҖдҪҚзҡ„зңҹеҒҮ,иҝ”еӣһ0/1,дёҚж”№еҸҳеҖј
   5          */
   6          
   7          #include <REGX52.H>
   8          #include "Timer0.h"
   9          #include "LCD1602.h"
  10          #include "DS1302.h"
  11          
  12          void main()
  13          {
  14   1          LCD_Init();//іхКј»ҜLCDЗеЖБІЩЧч
  15   1              DS1302_Init;//ҙтҝӘҝӘ№ШәНКұЦУҝӘ№Ш
*** WARNING C275 IN LINE 15 OF main.c: expression with possibly no effect
  16   1          DS1302_SetTime();//ЙиЦГКұјд
  17   1              
  18   1              //ёш·ЦёоПЯ·ЕөҪНвГж,І»И»ЖБД»ЧЬКЗЙБ
  19   1          LCD_ShowString(1,1,"  -  -  ");
  20   1              LCD_ShowString(2,1,"  :  :  ");
  21   1              
  22   1              
  23   1          while(1)
  24   1          {
  25   2                      DS1302_ReadTime();
  26   2                      LCD_ShowNum(1,1,DS1302_Time[0],2);
  27   2                      LCD_ShowNum(1,4,DS1302_Time[1],2);
  28   2                      LCD_ShowNum(1,7,DS1302_Time[2],2);
  29   2                      LCD_ShowNum(2,1,DS1302_Time[3],2);
  30   2                      LCD_ShowNum(2,4,DS1302_Time[4],2);
  31   2                      LCD_ShowNum(2,7,DS1302_Time[5],2);   
  32   2                      Timer0_Count(1000);
  33   2          }
  34   1      }
  35          
  36          
  37          
  38          /*
  39          BCDВлЧӘ»»іЙК®ҪшЦЖ:DEC = BCD/16*10 + BCD % 16;//БҪО»BCD
  40          К®ҪшЦЖЧӘ»»іЙBCDВл:BCD = DEC/10*16 + DEC % 10;//БҪО»BCD
  41          */


MODULE INFORMATION:   STATIC OVERLAYABLE
   CODE SIZE        =    134    ----
   CONSTANT SIZE    =     18    ----
   XDATA SIZE       =   ----    ----
   PDATA SIZE       =   ----    ----
   DATA SIZE        =   ----    ----
   IDATA SIZE       =   ----    ----
   BIT SIZE         =   ----    ----
END OF MODULE INFORMATION.


C51 COMPILATION COMPLETE.  1 WARNING(S),  0 ERROR(S)
