C51 COMPILER V9.57.0.0   BUZZER                                                            03/22/2026 20:27:36 PAGE 1   


C51 COMPILER V9.57.0.0, COMPILATION OF MODULE BUZZER
OBJECT MODULE PLACED IN .\Objects\Buzzer.obj
COMPILER INVOKED BY: D:\keil51\C51\BIN\C51.EXE Buzzer.c OPTIMIZE(8,SPEED) BROWSE DEBUG OBJECTEXTEND PRINT(.\Listings\Buz
                    -zer.lst) OBJECT(.\Objects\Buzzer.obj)

line level    source

   1          #include <REGX52.H>
   2          #include <INTRINS.H>
   3          
   4          //蜂鸣器端口:
   5          sbit Buzzer = P2^5;
   6          
   7          
   8          
   9          
  10          //蜂鸣器发声
  11          //ms发声时长
  12          void Buzzer_Delay500us(void)    //@11.0592MHz
  13          {
  14   1              unsigned char data i;
  15   1      
  16   1              _nop_();
  17   1              i = 227;
  18   1              while (--i);
  19   1      }
  20          
  21          
  22          
  23          void Buzzer_Time(unsigned int ms)
  24          {
  25   1              unsigned int i;
  26   1              for(i = 0;i < ms*2;i ++)//1000hz
  27   1              {
  28   2                      Buzzer_Delay500us();
  29   2                      Buzzer = !Buzzer;
  30   2              }
  31   1      }


MODULE INFORMATION:   STATIC OVERLAYABLE
   CODE SIZE        =     40    ----
   CONSTANT SIZE    =   ----    ----
   XDATA SIZE       =   ----    ----
   PDATA SIZE       =   ----    ----
   DATA SIZE        =   ----    ----
   IDATA SIZE       =   ----    ----
   BIT SIZE         =   ----    ----
END OF MODULE INFORMATION.


C51 COMPILATION COMPLETE.  0 WARNING(S),  0 ERROR(S)
