C51 COMPILER V9.57.0.0   MAIN                                                              03/22/2026 20:27:35 PAGE 1   


C51 COMPILER V9.57.0.0, COMPILATION OF MODULE MAIN
OBJECT MODULE PLACED IN .\Objects\main.obj
COMPILER INVOKED BY: D:\keil51\C51\BIN\C51.EXE main.c OPTIMIZE(8,SPEED) BROWSE DEBUG OBJECTEXTEND PRINT(.\Listings\main.
                    -lst) OBJECT(.\Objects\main.obj)

line level    source

   1          #include <REGX52.H>
   2          #include "Delay.h"
   3          #include "Key.h"
   4          #include "nixie.h"
   5          #include "Buzzer.h"
   6          unsigned char KeyNum;
   7          
   8          
   9          
  10          
  11          
  12          
  13          
  14          
  15          
  16          
  17          
  18          
  19          
  20          
  21          
  22          void main()
  23          {
  24   1          while(1)
  25   1          {
  26   2              KeyNum = Key();
  27   2              if(KeyNum)
  28   2              {
  29   3                                              
  30   3                              
  31   3                  Nixie(1,KeyNum);
  32   3              }
  33   2              
  34   2              
  35   2              
  36   2              
  37   2              
  38   2          }
  39   1          
  40   1          
  41   1          
  42   1      }


MODULE INFORMATION:   STATIC OVERLAYABLE
   CODE SIZE        =     21    ----
   CONSTANT SIZE    =   ----    ----
   XDATA SIZE       =   ----    ----
   PDATA SIZE       =   ----    ----
   DATA SIZE        =      1    ----
   IDATA SIZE       =   ----    ----
   BIT SIZE         =   ----    ----
END OF MODULE INFORMATION.


C51 COMPILATION COMPLETE.  0 WARNING(S),  0 ERROR(S)
