C51 COMPILER V9.57.0.0   MAIN                                                              12/20/2025 15:33:24 PAGE 1   


C51 COMPILER V9.57.0.0, COMPILATION OF MODULE MAIN
OBJECT MODULE PLACED IN .\Objects\main.obj
COMPILER INVOKED BY: D:\keil51\C51\BIN\C51.EXE main.c OPTIMIZE(8,SPEED) BROWSE DEBUG OBJECTEXTEND PRINT(.\Listings\main.
                    -lst) TABS(2) OBJECT(.\Objects\main.obj)

line level    source

   1          #include <REGX52.H>
   2          #include "LCD1602.h"
   3          #include "Delay.h"
   4          #include "MatrixKeys.h"
   5          
   6          unsigned char KeyNum;
   7          unsigned int Password;
   8          unsigned int count = 1;
   9          void main()
  10          {
  11   1        again:
  12   1          LCD_Init();
  13   1        LCD_ShowString(1,1,"Pssword:");
  14   1        
  15   1        while(1)
  16   1        {
  17   2          
  18   2            KeyNum = MatrixKeys();
  19   2            
  20   2            if(KeyNum)
  21   2            {
  22   3                if(KeyNum <= 10)
  23   3                {
  24   4                  if(count <= 4)
  25   4                  {
  26   5                    Password *= 10;
  27   5                    Password += KeyNum % 10;
  28   5                    count ++;
  29   5                  }//................«įňńłŲ’ż≥£ š»Ž
  30   4                    LCD_ShowNum(2,1,Password,4);      
  31   4                }
  32   3              if(KeyNum == 11)
  33   3              {
  34   4                  if(Password == 2345)
  35   4                  {
  36   5                      LCD_ShowString(1,14,"OK");
  37   5                  }
  38   4              }
  39   3            }
  40   2        
  41   2        }
  42   1        
  43   1      }
*** WARNING C280 IN LINE 11 OF main.c: 'again': unreferenced label


MODULE INFORMATION:   STATIC OVERLAYABLE
   CODE SIZE        =    124    ----
   CONSTANT SIZE    =     12    ----
   XDATA SIZE       =   ----    ----
   PDATA SIZE       =   ----    ----
   DATA SIZE        =      5    ----
   IDATA SIZE       =   ----    ----
   BIT SIZE         =   ----    ----
C51 COMPILER V9.57.0.0   MAIN                                                              12/20/2025 15:33:24 PAGE 2   

END OF MODULE INFORMATION.


C51 COMPILATION COMPLETE.  1 WARNING(S),  0 ERROR(S)
