C51 COMPILER V9.60.7.0   MAIN                                                              03/16/2026 22:02:40 PAGE 1   


C51 COMPILER V9.60.7.0, COMPILATION OF MODULE MAIN
OBJECT MODULE PLACED IN .\Objects\main.obj
COMPILER INVOKED BY: C:\Keil_v5\C51\BIN\C51.EXE main.c OPTIMIZE(8,SPEED) BROWSE DEBUG OBJECTEXTEND PRINT(.\Listings\main
                    -.lst) OBJECT(.\Objects\main.obj)

line level    source

   1          #include <REGX52.H>
   2          #include "Delay.h"
   3          #include "LCD1602.h"
   4          #include "Timer0.h"
   5          
   6          unsigned char Sec,Min,Hour;
   7          static unsigned int T0Count = 0;
   8          
   9          //定时器中断跳转函数
  10          void Timer0_Routine()interrupt 1
  11          {
  12   1          TH0 = 64615 / 256;
  13   1          TL0 = 64615 % 256;
  14   1          TF0 = 0;
  15   1          T0Count ++;   
  16   1          if(T0Count >= 1000)//规定1000ms
  17   1          {
  18   2              T0Count = 0;
  19   2              Sec++;
  20   2              if(Sec >= 60) {Sec = 0;Min ++;}
  21   2              if(Min >= 60) {Min = 0;Hour ++;}
  22   2              if(Hour >= 24){Hour = 0;}
  23   2              
  24   2          }
  25   1      }
  26          
  27          
  28          
  29          
  30          void main()
  31          {
  32   1          LCD_Init();
  33   1          Timer0_Init();
  34   1          
  35   1          
  36   1          LCD_ShowString(1,1,"Clock:");//起始行//起始列//显示字符串//
  37   1          LCD_ShowString(2,3,":");//起始行//起始列//显示字符串//
  38   1          LCD_ShowString(2,6,":");//起始行//起始列//显示字符串//
  39   1       
  40   1          while(1)
  41   1          {
  42   2              LCD_ShowNum(2,1,Hour,2);//起始行//起始列//显示数字//
  43   2              LCD_ShowNum(2,4,Min,2);//起始行//起始列//显示数字//
  44   2              LCD_ShowNum(2,7,Sec,2);//起始行//起始列//显示数字//
  45   2              
  46   2              
  47   2          }
  48   1          
  49   1          
  50   1          
  51   1      }


MODULE INFORMATION:   STATIC OVERLAYABLE
C51 COMPILER V9.60.7.0   MAIN                                                              03/16/2026 22:02:40 PAGE 2   

   CODE SIZE        =    167    ----
   CONSTANT SIZE    =      9    ----
   XDATA SIZE       =   ----    ----
   PDATA SIZE       =   ----    ----
   DATA SIZE        =      5    ----
   IDATA SIZE       =   ----    ----
   BIT SIZE         =   ----    ----
END OF MODULE INFORMATION.


C51 COMPILATION COMPLETE.  0 WARNING(S),  0 ERROR(S)
