C51 COMPILER V9.57.0.0   STC_CODE                                                          12/14/2025 20:52:42 PAGE 1   


C51 COMPILER V9.57.0.0, COMPILATION OF MODULE STC_CODE
OBJECT MODULE PLACED IN .\Objects\STC_CODE.obj
COMPILER INVOKED BY: D:\keil51\C51\BIN\C51.EXE STC_CODE.c OPTIMIZE(8,SPEED) BROWSE DEBUG OBJECTEXTEND PRINT(.\Listings\S
                    -TC_CODE.lst) TABS(2) OBJECT(.\Objects\STC_CODE.obj)

line level    source

   1          #include <REGX52.H>
   2          #include <INTRINS.H>
   3          
   4          
   5          void Delay300ms(void) //@11.0592MHz
   6          {
   7   1        unsigned char data i, j, k;
   8   1      
   9   1        _nop_();
  10   1        i = 4;
  11   1        j = 60;
  12   1        k = 119;
  13   1        do
  14   1        {
  15   2          do
  16   2          {
  17   3            while (--k);
  18   3          } while (--j);
  19   2        } while (--i);
  20   1      }
  21           
  22          //0 1 2 3 4 5 6 7 -- 1~8
  23          //8 9 a b c d e f -- 9~16
  24          void main()
  25          {
  26   1        int i = 4;
  27   1        int j = 60;
  28   1        int k = 119;
  29   1          P2 = 0xfe;//1111 1110
  30   1          Delay300ms();
  31   1          P2 = 0xfd;//1111 1101
  32   1          Delay300ms();
  33   1          P2 = 0xfb;//1111 1011
  34   1          Delay300ms();
  35   1          P2 = 0xf7;//1111 0111
  36   1          Delay300ms();
  37   1          P2 = 0xef;//1110 1111
  38   1          Delay300ms();
  39   1          P2 = 0xdf;//1101 1111
  40   1          Delay300ms();
  41   1          P2 = 0xbf;//1011 1111
  42   1          Delay300ms();
  43   1          P2 = 0x7f;//0111 1111
  44   1          Delay300ms();
  45   1        
  46   1      }


MODULE INFORMATION:   STATIC OVERLAYABLE
   CODE SIZE        =     80    ----
   CONSTANT SIZE    =   ----    ----
   XDATA SIZE       =   ----    ----
   PDATA SIZE       =   ----    ----
   DATA SIZE        =   ----       6
C51 COMPILER V9.57.0.0   STC_CODE                                                          12/14/2025 20:52:42 PAGE 2   

   IDATA SIZE       =   ----    ----
   BIT SIZE         =   ----    ----
END OF MODULE INFORMATION.


C51 COMPILATION COMPLETE.  0 WARNING(S),  0 ERROR(S)
